<?xml version="1.0" encoding="UTF-8"?>
<testsuite xmlns:xsi="http://www.w3.org/2001/XMLSchema-instance" xsi:noNamespaceSchemaLocation="https://maven.apache.org/surefire/maven-surefire-plugin/xsd/surefire-test-report.xsd" version="3.0.2" name="com.project.golfofficeapi.GolfOfficeApiApplicationTests" time="5.826" tests="1" errors="0" skipped="0" failures="0">
  <properties>
[...]
</properties>
  <testcase name="contextLoads" classname="com.project.golfofficeapi.GolfOfficeApiApplicationTests" time="0.49">
    <system-out><![CDATA[23:43:16.249 [main] INFO org.springframework.test.context.support.AnnotationConfigContextLoaderUtils -- Could not detect default configuration classes for test class [com.project.golfofficeapi.GolfOfficeApiApplicationTests]: GolfOfficeApiApplicationTests does not declare any static, non-private, non-final, nested classes annotated with @Configuration.
23:43:16.365 [main] INFO org.springframework.boot.test.context.SpringBootTestContextBootstrapper -- Found @SpringBootConfiguration com.project.golfofficeapi.GolfOfficeApiApplication for test class com.project.golfofficeapi.GolfOfficeApiApplicationTests

  .   ____          _            __ _ _
 /\\ / ___'_ __ _ _(_)_ __  __ _ \ \ \ \
( ( )\___ | '_ | '_| | '_ \/ _` | \ \ \ \
 \\/  ___)| |_)| | | | | || (_| |  ) ) ) )
  '  |____| .__|_| |_|_| |_\__, | / / / /
 =========|_|==============|___/=/_/_/_/

 :: Spring Boot ::                (v3.4.0)

2026-05-10T23:43:16.776+01:00  INFO 20420 --- [projetinho-de-recapitulacao] [           main] c.p.g.GolfOfficeApiApplicationTests      : Starting GolfOfficeApiApplicationTests using Java 25.0.2 with PID 20420 (started by luan_ in C:\Users\luan_\Documents\Projetos Pessoais\projeto-golf-desk)
2026-05-10T23:43:16.777+01:00  INFO 20420 --- [projetinho-de-recapitulacao] [           main] c.p.g.GolfOfficeApiApplicationTests      : No active profile set, falling back to 1 default profile: "default"
2026-05-10T23:43:17.386+01:00  INFO 20420 --- [projetinho-de-recapitulacao] [           main] .s.d.r.c.RepositoryConfigurationDelegate : Bootstrapping Spring Data JPA repositories in DEFAULT mode.
2026-05-10T23:43:17.454+01:00  INFO 20420 --- [projetinho-de-recapitulacao] [           main] .s.d.r.c.RepositoryConfigurationDelegate : Finished Spring Data repository scanning in 59 ms. Found 4 JPA repository interfaces.
2026-05-10T23:43:18.004+01:00  INFO 20420 --- [projetinho-de-recapitulacao] [           main] com.zaxxer.hikari.HikariDataSource       : HikariPool-1 - Starting...
2026-05-10T23:43:18.342+01:00  INFO 20420 --- [projetinho-de-recapitulacao] [           main] com.zaxxer.hikari.pool.HikariPool        : HikariPool-1 - Added connection com.mysql.cj.jdbc.ConnectionImpl@18c880ea
2026-05-10T23:43:18.344+01:00  INFO 20420 --- [projetinho-de-recapitulacao] [           main] com.zaxxer.hikari.HikariDataSource       : HikariPool-1 - Start completed.
2026-05-10T23:43:18.382+01:00  INFO 20420 --- [projetinho-de-recapitulacao] [           main] org.flywaydb.core.FlywayExecutor         : Database: jdbc:mysql://localhost:3306/golf_api?useTimezone=true&serverTimezone=UTC (MySQL 8.3)
2026-05-10T23:43:18.400+01:00  WARN 20420 --- [projetinho-de-recapitulacao] [           main] o.f.c.internal.database.base.Database    : Flyway upgrade recommended: MySQL 8.3 is newer than this version of Flyway and support has not been tested. The latest supported version of MySQL is 8.1.
2026-05-10T23:43:18.427+01:00  INFO 20420 --- [projetinho-de-recapitulacao] [           main] o.f.core.internal.command.DbValidate     : Successfully validated 0 migrations (execution time 00:00.016s)
2026-05-10T23:43:18.428+01:00  WARN 20420 --- [projetinho-de-recapitulacao] [           main] o.f.core.internal.command.DbValidate     : No migrations found. Are your locations set up correctly?
2026-05-10T23:43:18.446+01:00  INFO 20420 --- [projetinho-de-recapitulacao] [           main] o.f.core.internal.command.DbMigrate      : Current version of schema `golf_api`: << Empty Schema >>
2026-05-10T23:43:18.450+01:00  INFO 20420 --- [projetinho-de-recapitulacao] [           main] o.f.core.internal.command.DbMigrate      : Schema `golf_api` is up to date. No migration necessary.
2026-05-10T23:43:18.551+01:00  INFO 20420 --- [projetinho-de-recapitulacao] [           main] o.hibernate.jpa.internal.util.LogHelper  : HHH000204: Processing PersistenceUnitInfo [name: default]
2026-05-10T23:43:18.632+01:00  INFO 20420 --- [projetinho-de-recapitulacao] [           main] org.hibernate.Version                    : HHH000412: Hibernate ORM core version 6.6.2.Final
2026-05-10T23:43:18.683+01:00  INFO 20420 --- [projetinho-de-recapitulacao] [           main] o.h.c.internal.RegionFactoryInitiator    : HHH000026: Second-level cache disabled
2026-05-10T23:43:19.000+01:00  INFO 20420 --- [projetinho-de-recapitulacao] [           main] o.s.o.j.p.SpringPersistenceUnitInfo      : No LoadTimeWeaver setup: ignoring JPA class transformer
2026-05-10T23:43:19.077+01:00  INFO 20420 --- [projetinho-de-recapitulacao] [           main] org.hibernate.orm.connections.pooling    : HHH10001005: Database info:
	Database JDBC URL [Connecting through datasource 'HikariDataSource (HikariPool-1)']
	Database driver: undefined/unknown
	Database version: 8.3
	Autocommit mode: undefined/unknown
	Isolation level: undefined/unknown
	Minimum pool size: undefined/unknown
	Maximum pool size: undefined/unknown
2026-05-10T23:43:19.838+01:00  INFO 20420 --- [projetinho-de-recapitulacao] [           main] o.h.e.t.j.p.i.JtaPlatformInitiator       : HHH000489: No JTA platform available (set 'hibernate.transaction.jta.platform' to enable JTA platform integration)
2026-05-10T23:43:19.880+01:00  INFO 20420 --- [projetinho-de-recapitulacao] [           main] j.LocalContainerEntityManagerFactoryBean : Initialized JPA EntityManagerFactory for persistence unit 'default'
2026-05-10T23:43:20.199+01:00  INFO 20420 --- [projetinho-de-recapitulacao] [           main] o.s.d.j.r.query.QueryEnhancerFactory     : Hibernate is in classpath; If applicable, HQL parser will be used.
2026-05-10T23:43:21.110+01:00  INFO 20420 --- [projetinho-de-recapitulacao] [           main] o.s.b.a.w.s.WelcomePageHandlerMapping    : Adding welcome page: class path resource [static/index.html]
2026-05-10T23:43:21.445+01:00  INFO 20420 --- [projetinho-de-recapitulacao] [           main] c.p.g.GolfOfficeApiApplicationTests      : Started GolfOfficeApiApplicationTests in 4.949 seconds (process running for 5.878)
]]></system-out>
    <system-err><![CDATA[Mockito is currently self-attaching to enable the inline-mock-maker. This will no longer work in future releases of the JDK. Please add Mockito as an agent to your build what is described in Mockito's documentation: https://javadoc.io/doc/org.mockito/mockito-core/latest/org/mockito/Mockito.html#0.3
WARNING: A Java agent has been loaded dynamically (C:\Users\luan_\.m2\repository\net\bytebuddy\byte-buddy-agent\1.15.10\byte-buddy-agent-1.15.10.jar)
WARNING: If a serviceability tool is in use, please run with -XX:+EnableDynamicAgentLoading to hide this warning
WARNING: If a serviceability tool is not in use, please run with -Djdk.instrument.traceUsage for more information
WARNING: Dynamic loading of agents will be disallowed by default in a future release
]]></system-err>
  </testcase>
</testsuite>